Release 14.7 - xst P.20131013 (nt)
Copyright (c) 1995-2013 Xilinx, Inc.  All rights reserved.
--> Parameter TMPDIR set to xst/projnav.tmp


Total REAL time to Xst completion: 0.00 secs
Total CPU time to Xst completion: 0.43 secs
 
--> Parameter xsthdpdir set to xst


Total REAL time to Xst completion: 0.00 secs
Total CPU time to Xst completion: 0.44 secs
 
--> Reading design: counter_10.prj

TABLE OF CONTENTS
  1) Synthesis Options Summary
  2) HDL Compilation
  3) Design Hierarchy Analysis
  4) HDL Analysis
  5) HDL Synthesis
     5.1) HDL Synthesis Report
  6) Advanced HDL Synthesis
     6.1) Advanced HDL Synthesis Report
  7) Low Level Synthesis
  8) Partition Report
  9) Final Report
	9.1) Device utilization summary
	9.2) Partition Resource Summary
	9.3) TIMING REPORT


=========================================================================
*                      Synthesis Options Summary                        *
=========================================================================
---- Source Parameters
Input File Name                    : "counter_10.prj"
Input Format                       : mixed
Ignore Synthesis Constraint File   : NO

---- Target Parameters
Output File Name                   : "counter_10"
Output Format                      : NGC
Target Device                      : xc3s200-4-ft256

---- Source Options
Top Module Name                    : counter_10
Automatic FSM Extraction           : YES
FSM Encoding Algorithm             : Auto
Safe Implementation                : No
FSM Style                          : LUT
RAM Extraction                     : Yes
RAM Style                          : Auto
ROM Extraction                     : Yes
Mux Style                          : Auto
Decoder Extraction                 : YES
Priority Encoder Extraction        : Yes
Shift Register Extraction          : YES
Logical Shifter Extraction         : YES
XOR Collapsing                     : YES
ROM Style                          : Auto
Mux Extraction                     : Yes
Resource Sharing                   : YES
Asynchronous To Synchronous        : NO
Multiplier Style                   : Auto
Automatic Register Balancing       : No

---- Target Options
Add IO Buffers                     : YES
Global Maximum Fanout              : 500
Add Generic Clock Buffer(BUFG)     : 8
Register Duplication               : YES
Slice Packing                      : YES
Optimize Instantiated Primitives   : NO
Use Clock Enable                   : Yes
Use Synchronous Set                : Yes
Use Synchronous Reset              : Yes
Pack IO Registers into IOBs        : Auto
Equivalent register Removal        : YES

---- General Options
Optimization Goal                  : Speed
Optimization Effort                : 1
Keep Hierarchy                     : No
Netlist Hierarchy                  : As_Optimized
RTL Output                         : Yes
Global Optimization                : AllClockNets
Read Cores                         : YES
Write Timing Constraints           : NO
Cross Clock Analysis               : NO
Hierarchy Separator                : /
Bus Delimiter                      : <>
Case Specifier                     : Maintain
Slice Utilization Ratio            : 100
BRAM Utilization Ratio             : 100
Verilog 2001                       : YES
Auto BRAM Packing                  : NO
Slice Utilization Ratio Delta      : 5

=========================================================================


=========================================================================
*                          HDL Compilation                              *
=========================================================================
Compiling vhdl file "E:/Xilinx/projects/vga/counter_10.vhd" in Library work.
Entity <counter_10> compiled.
Entity <counter_10> (Architecture <behavioral>) compiled.

=========================================================================
*                     Design Hierarchy Analysis                         *
=========================================================================
Analyzing hierarchy for entity <counter_10> in library <work> (architecture <behavioral>).


=========================================================================
*                            HDL Analysis                               *
=========================================================================
Analyzing Entity <counter_10> in library <work> (Architecture <behavioral>).
Entity <counter_10> analyzed. Unit <counter_10> generated.


=========================================================================
*                           HDL Synthesis                               *
=========================================================================

Performing bidirectional port resolution...

Synthesizing Unit <counter_10>.
    Related source file is "E:/Xilinx/projects/vga/counter_10.vhd".
    Found 10-bit up counter for signal <number>.
    Summary:
	inferred   1 Counter(s).
Unit <counter_10> synthesized.


=========================================================================
HDL Synthesis Report

Macro Statistics
# Counters                                             : 1
 10-bit up counter                                     : 1

=========================================================================

=========================================================================
*                       Advanced HDL Synthesis                          *
=========================================================================


=========================================================================
Advanced HDL Synthesis Report

Macro Statistics
# Counters                                             : 1
 10-bit up counter                                     : 1

=========================================================================

=========================================================================
*                         Low Level Synthesis                           *
=========================================================================

Optimizing unit <counter_10> ...

Mapping all equations...
Building and optimizing final netlist ...
Found area constraint ratio of 100 (+ 5) on block counter_10, actual ratio is 0.

Final Macro Processing ...

=========================================================================
Final Register Report

Macro Statistics
# Registers                                            : 10
 Flip-Flops                                            : 10

=========================================================================

=========================================================================
*                           Partition Report                            *
=========================================================================

Partition Implementation Status
-------------------------------

  No Partitions were found in this design.

-------------------------------

=========================================================================
*                            Final Report                               *
=========================================================================
Final Results
RTL Top Level Output File Name     : counter_10.ngr
Top Level Output File Name         : counter_10
Output Format                      : NGC
Optimization Goal                  : Speed
Keep Hierarchy                     : No

Design Statistics
# IOs                              : 24

Cell Usage :
# BELS                             : 32
#      GND                         : 1
#      INV                         : 1
#      LUT2                        : 1
#      LUT3                        : 10
#      MUXCY                       : 9
#      XORCY                       : 10
# FlipFlops/Latches                : 10
#      FDCE                        : 10
# Clock Buffers                    : 1
#      BUFGP                       : 1
# IO Buffers                       : 23
#      IBUF                        : 13
#      OBUF                        : 10
=========================================================================

Device utilization summary:
---------------------------

Selected Device : 3s200ft256-4 

 Number of Slices:                        6  out of   1920     0%  
 Number of Slice Flip Flops:             10  out of   3840     0%  
 Number of 4 input LUTs:                 12  out of   3840     0%  
 Number of IOs:                          24
 Number of bonded IOBs:                  24  out of    173    13%  
 Number of GCLKs:                         1  out of      8    12%  

---------------------------
Partition Resource Summary:
---------------------------

  No Partitions were found in this design.

---------------------------


=========================================================================
TIMING REPORT

NOTE: THESE TIMING NUMBERS ARE ONLY A SYNTHESIS ESTIMATE.
      FOR ACCURATE TIMING INFORMATION PLEASE REFER TO THE TRACE REPORT
      GENERATED AFTER PLACE-and-ROUTE.

Clock Information:
------------------
-----------------------------------+------------------------+-------+
Clock Signal                       | Clock buffer(FF name)  | Load  |
-----------------------------------+------------------------+-------+
clk                                | BUFGP                  | 10    |
-----------------------------------+------------------------+-------+

Asynchronous Control Signals Information:
----------------------------------------
-----------------------------------+------------------------+-------+
Control Signal                     | Buffer(FF name)        | Load  |
-----------------------------------+------------------------+-------+
clr                                | IBUF                   | 10    |
-----------------------------------+------------------------+-------+

Timing Summary:
---------------
Speed Grade: -4

   Minimum period: 4.335ns (Maximum Frequency: 230.681MHz)
   Minimum input arrival time before clock: 4.974ns
   Maximum output required time after clock: 7.241ns
   Maximum combinational path delay: No path found

Timing Detail:
--------------
All values displayed in nanoseconds (ns)

=========================================================================
Timing constraint: Default period analysis for Clock 'clk'
  Clock period: 4.335ns (frequency: 230.681MHz)
  Total number of paths / destination ports: 55 / 10
-------------------------------------------------------------------------
Delay:               4.335ns (Levels of Logic = 11)
  Source:            number_0 (FF)
  Destination:       number_9 (FF)
  Source Clock:      clk rising
  Destination Clock: clk rising

  Data Path: number_0 to number_9
                                Gate     Net
    Cell:in->out      fanout   Delay   Delay  Logical Name (Net Name)
    ----------------------------------------  ------------
     FDCE:C->Q             2   0.720   0.945  number_0 (number_0)
     LUT3:I2->O            1   0.551   0.000  Mcount_number_lut<0> (Mcount_number_lut<0>)
     MUXCY:S->O            1   0.500   0.000  Mcount_number_cy<0> (Mcount_number_cy<0>)
     MUXCY:CI->O           1   0.064   0.000  Mcount_number_cy<1> (Mcount_number_cy<1>)
     MUXCY:CI->O           1   0.064   0.000  Mcount_number_cy<2> (Mcount_number_cy<2>)
     MUXCY:CI->O           1   0.064   0.000  Mcount_number_cy<3> (Mcount_number_cy<3>)
     MUXCY:CI->O           1   0.064   0.000  Mcount_number_cy<4> (Mcount_number_cy<4>)
     MUXCY:CI->O           1   0.064   0.000  Mcount_number_cy<5> (Mcount_number_cy<5>)
     MUXCY:CI->O           1   0.064   0.000  Mcount_number_cy<6> (Mcount_number_cy<6>)
     MUXCY:CI->O           1   0.064   0.000  Mcount_number_cy<7> (Mcount_number_cy<7>)
     MUXCY:CI->O           0   0.064   0.000  Mcount_number_cy<8> (Mcount_number_cy<8>)
     XORCY:CI->O           1   0.904   0.000  Mcount_number_xor<9> (Mcount_number9)
     FDCE:D                    0.203          number_9
    ----------------------------------------
    Total                      4.335ns (3.390ns logic, 0.945ns route)
                                       (78.2% logic, 21.8% route)

=========================================================================
Timing constraint: Default OFFSET IN BEFORE for Clock 'clk'
  Total number of paths / destination ports: 140 / 20
-------------------------------------------------------------------------
Offset:              4.974ns (Levels of Logic = 12)
  Source:            load (PAD)
  Destination:       number_9 (FF)
  Destination Clock: clk rising

  Data Path: load to number_9
                                Gate     Net
    Cell:in->out      fanout   Delay   Delay  Logical Name (Net Name)
    ----------------------------------------  ------------
     IBUF:I->O            12   0.821   1.118  load_IBUF (load_IBUF)
     INV:I->O              1   0.551   0.801  load_inv1_INV_0 (load_inv)
     MUXCY:CI->O           1   0.064   0.000  Mcount_number_cy<0> (Mcount_number_cy<0>)
     MUXCY:CI->O           1   0.064   0.000  Mcount_number_cy<1> (Mcount_number_cy<1>)
     MUXCY:CI->O           1   0.064   0.000  Mcount_number_cy<2> (Mcount_number_cy<2>)
     MUXCY:CI->O           1   0.064   0.000  Mcount_number_cy<3> (Mcount_number_cy<3>)
     MUXCY:CI->O           1   0.064   0.000  Mcount_number_cy<4> (Mcount_number_cy<4>)
     MUXCY:CI->O           1   0.064   0.000  Mcount_number_cy<5> (Mcount_number_cy<5>)
     MUXCY:CI->O           1   0.064   0.000  Mcount_number_cy<6> (Mcount_number_cy<6>)
     MUXCY:CI->O           1   0.064   0.000  Mcount_number_cy<7> (Mcount_number_cy<7>)
     MUXCY:CI->O           0   0.064   0.000  Mcount_number_cy<8> (Mcount_number_cy<8>)
     XORCY:CI->O           1   0.904   0.000  Mcount_number_xor<9> (Mcount_number9)
     FDCE:D                    0.203          number_9
    ----------------------------------------
    Total                      4.974ns (3.055ns logic, 1.919ns route)
                                       (61.4% logic, 38.6% route)

=========================================================================
Timing constraint: Default OFFSET OUT AFTER for Clock 'clk'
  Total number of paths / destination ports: 10 / 10
-------------------------------------------------------------------------
Offset:              7.241ns (Levels of Logic = 1)
  Source:            number_9 (FF)
  Destination:       output<9> (PAD)
  Source Clock:      clk rising

  Data Path: number_9 to output<9>
                                Gate     Net
    Cell:in->out      fanout   Delay   Delay  Logical Name (Net Name)
    ----------------------------------------  ------------
     FDCE:C->Q             2   0.720   0.877  number_9 (number_9)
     OBUF:I->O                 5.644          output_9_OBUF (output<9>)
    ----------------------------------------
    Total                      7.241ns (6.364ns logic, 0.877ns route)
                                       (87.9% logic, 12.1% route)

=========================================================================


Total REAL time to Xst completion: 11.00 secs
Total CPU time to Xst completion: 11.49 secs
 
--> 

Total memory usage is 230948 kilobytes

Number of errors   :    0 (   0 filtered)
Number of warnings :    0 (   0 filtered)
Number of infos    :    0 (   0 filtered)

